2019-03-29 15:50:59.105  INFO 10551 --- [main] c.b.t.r.c.a.rest.RestaurantTableRestIT   : Starting RestaurantTableRestIT on tomasz-Lenovo-Z710 with PID 10551 (/home/tomasz/IdeaProjects/restaurant/restaurant-modules/restaurant-core/restaurant-core-infrastructure-spring/target/test-classes started by tomasz in /home/tomasz/IdeaProjects/restaurant/restaurant-modules/restaurant-core/restaurant-core-infrastructure-spring)
2019-03-29 15:50:59.107  INFO 10551 --- [main] c.b.t.r.c.a.rest.RestaurantTableRestIT   : No active profile set, falling back to default profiles: default
2019-03-29 15:50:59.128  INFO 10551 --- [main] ConfigServletWebServerApplicationContext : Refreshing org.springframework.boot.web.servlet.context.AnnotationConfigServletWebServerApplicationContext@6cd24612: startup date [Fri Mar 29 15:50:59 CET 2019]; root of context hierarchy
2019-03-29 15:51:00.454  INFO 10551 --- [main] f.a.AutowiredAnnotationBeanPostProcessor : JSR-330 'javax.inject.Inject' annotation found and supported for autowiring
2019-03-29 15:51:00.600  INFO 10551 --- [main] trationDelegate$BeanPostProcessorChecker : Bean 'org.springframework.transaction.annotation.ProxyTransactionManagementConfiguration' of type [org.springframework.transaction.annotation.ProxyTransactionManagementConfiguration$$EnhancerBySpringCGLIB$$4bf2c9ae] is not eligible for getting processed by all BeanPostProcessors (for example: not eligible for auto-proxying)
2019-03-29 15:51:00.643  INFO 10551 --- [main] trationDelegate$BeanPostProcessorChecker : Bean 'org.springframework.hateoas.config.HateoasConfiguration' of type [org.springframework.hateoas.config.HateoasConfiguration$$EnhancerBySpringCGLIB$$cb7316e0] is not eligible for getting processed by all BeanPostProcessors (for example: not eligible for auto-proxying)
2019-03-29 15:51:01.146  INFO 10551 --- [main] o.s.b.w.embedded.tomcat.TomcatWebServer  : Tomcat initialized with port(s): 8080 (http)
2019-03-29 15:51:01.176  INFO 10551 --- [main] o.apache.catalina.core.StandardService   : Starting service [Tomcat]
2019-03-29 15:51:01.176  INFO 10551 --- [main] org.apache.catalina.core.StandardEngine  : Starting Servlet Engine: Apache Tomcat/8.5.34
2019-03-29 15:51:01.186  INFO 10551 --- [localhost-startStop-1] o.a.catalina.core.AprLifecycleListener   : The APR based Apache Tomcat Native library which allows optimal performance in production environments was not found on the java.library.path: [/usr/java/packages/lib/amd64:/usr/lib64:/lib64:/lib:/usr/lib]
2019-03-29 15:51:01.313  INFO 10551 --- [localhost-startStop-1] o.a.c.c.C.[Tomcat].[localhost].[/]       : Initializing Spring embedded WebApplicationContext
2019-03-29 15:51:01.314  INFO 10551 --- [localhost-startStop-1] o.s.web.context.ContextLoader            : Root WebApplicationContext: initialization completed in 2186 ms
2019-03-29 15:51:01.404  INFO 10551 --- [localhost-startStop-1] o.s.b.w.servlet.ServletRegistrationBean  : Servlet dispatcherServlet mapped to [/]
2019-03-29 15:51:01.410  INFO 10551 --- [localhost-startStop-1] o.s.b.w.servlet.FilterRegistrationBean   : Mapping filter: 'characterEncodingFilter' to: [/*]
2019-03-29 15:51:01.410  INFO 10551 --- [localhost-startStop-1] o.s.b.w.servlet.FilterRegistrationBean   : Mapping filter: 'hiddenHttpMethodFilter' to: [/*]
2019-03-29 15:51:01.410  INFO 10551 --- [localhost-startStop-1] o.s.b.w.servlet.FilterRegistrationBean   : Mapping filter: 'httpPutFormContentFilter' to: [/*]
2019-03-29 15:51:01.411  INFO 10551 --- [localhost-startStop-1] o.s.b.w.servlet.FilterRegistrationBean   : Mapping filter: 'requestContextFilter' to: [/*]
2019-03-29 15:51:01.652  INFO 10551 --- [main] j.LocalContainerEntityManagerFactoryBean : Building JPA container EntityManagerFactory for persistence unit 'default'
2019-03-29 15:51:01.675  INFO 10551 --- [main] o.hibernate.jpa.internal.util.LogHelper  : HHH000204: Processing PersistenceUnitInfo [
	name: default
	...]
2019-03-29 15:51:01.772  INFO 10551 --- [main] org.hibernate.Version                    : HHH000412: Hibernate Core {5.2.17.Final}
2019-03-29 15:51:01.774  INFO 10551 --- [main] org.hibernate.cfg.Environment            : HHH000206: hibernate.properties not found
2019-03-29 15:51:01.822  INFO 10551 --- [main] o.hibernate.annotations.common.Version   : HCANN000001: Hibernate Commons Annotations {5.0.1.Final}
2019-03-29 15:51:01.964  INFO 10551 --- [main] com.zaxxer.hikari.HikariDataSource       : HikariPool-1 - Starting...
2019-03-29 15:51:01.969  WARN 10551 --- [main] com.zaxxer.hikari.util.DriverDataSource  : Registered driver with driverClassName=com.mysql.jdbc.Driver was not found, trying direct instantiation.
2019-03-29 15:51:02.139  INFO 10551 --- [main] com.zaxxer.hikari.HikariDataSource       : HikariPool-1 - Start completed.
2019-03-29 15:51:02.159  INFO 10551 --- [main] org.hibernate.dialect.Dialect            : HHH000400: Using dialect: org.hibernate.dialect.MySQL57Dialect
2019-03-29 15:51:02.868  INFO 10551 --- [main] j.LocalContainerEntityManagerFactoryBean : Initialized JPA EntityManagerFactory for persistence unit 'default'
2019-03-29 15:51:03.744  INFO 10551 --- [main] o.s.w.s.handler.SimpleUrlHandlerMapping  : Mapped URL path [/**/favicon.ico] onto handler of type [class org.springframework.web.servlet.resource.ResourceHttpRequestHandler]
2019-03-29 15:51:04.018  INFO 10551 --- [main] s.w.s.m.m.a.RequestMappingHandlerAdapter : Looking for @ControllerAdvice: org.springframework.boot.web.servlet.context.AnnotationConfigServletWebServerApplicationContext@6cd24612: startup date [Fri Mar 29 15:50:59 CET 2019]; root of context hierarchy
2019-03-29 15:51:04.083  WARN 10551 --- [main] aWebConfiguration$JpaWebMvcConfiguration : spring.jpa.open-in-view is enabled by default. Therefore, database queries may be performed during view rendering. Explicitly configure spring.jpa.open-in-view to disable this warning
2019-03-29 15:51:04.153  INFO 10551 --- [main] s.w.s.m.m.a.RequestMappingHandlerMapping : Mapped "{[/restaurant],methods=[POST]}" onto com.beben.tomasz.restaurant.core.domain.RestaurantId com.beben.tomasz.restaurant.core.infrastructure.spring.delivery.RestaurantHttpEndpoint.addRestaurant(com.beben.tomasz.restaurant.core.api.command.AddRestaurantCommand) throws java.lang.Exception
2019-03-29 15:51:04.155  INFO 10551 --- [main] s.w.s.m.m.a.RequestMappingHandlerMapping : Mapped "{[/restaurant],methods=[GET]}" onto java.util.List<com.beben.tomasz.restaurant.core.api.view.RestaurantView> com.beben.tomasz.restaurant.core.infrastructure.spring.delivery.RestaurantHttpEndpoint.findAll(int,int) throws java.lang.Exception
2019-03-29 15:51:04.156  INFO 10551 --- [main] s.w.s.m.m.a.RequestMappingHandlerMapping : Mapped "{[/restaurant/details/{restaurantId}],methods=[GET]}" onto com.beben.tomasz.restaurant.core.api.view.RestaurantView com.beben.tomasz.restaurant.core.infrastructure.spring.delivery.RestaurantHttpEndpoint.restaurantViewDetails(java.lang.String) throws java.lang.Exception
2019-03-29 15:51:04.156  INFO 10551 --- [main] s.w.s.m.m.a.RequestMappingHandlerMapping : Mapped "{[/restaurant/{name}],methods=[GET]}" onto java.util.List<com.beben.tomasz.restaurant.core.api.view.RestaurantView> com.beben.tomasz.restaurant.core.infrastructure.spring.delivery.RestaurantHttpEndpoint.searchByRestaurantName(java.lang.String,int,int) throws java.lang.Exception
2019-03-29 15:51:04.158  INFO 10551 --- [main] s.w.s.m.m.a.RequestMappingHandlerMapping : Mapped "{[/table],methods=[POST]}" onto com.beben.tomasz.restaurant.core.domain.TableId com.beben.tomasz.restaurant.core.infrastructure.spring.delivery.RestaurantTableHttpEndpoint.addTable(com.beben.tomasz.restaurant.core.api.command.AddTableCommand) throws java.lang.Exception
2019-03-29 15:51:04.158  INFO 10551 --- [main] s.w.s.m.m.a.RequestMappingHandlerMapping : Mapped "{[/table/{restaurantId}],methods=[GET]}" onto java.util.List<com.beben.tomasz.restaurant.core.api.view.RestaurantTableView> com.beben.tomasz.restaurant.core.infrastructure.spring.delivery.RestaurantTableHttpEndpoint.tablesByRestaurnat(java.lang.String) throws java.lang.Exception
2019-03-29 15:51:04.161  INFO 10551 --- [main] s.w.s.m.m.a.RequestMappingHandlerMapping : Mapped "{[/error],produces=[text/html]}" onto public org.springframework.web.servlet.ModelAndView org.springframework.boot.autoconfigure.web.servlet.error.BasicErrorController.errorHtml(javax.servlet.http.HttpServletRequest,javax.servlet.http.HttpServletResponse)
2019-03-29 15:51:04.161  INFO 10551 --- [main] s.w.s.m.m.a.RequestMappingHandlerMapping : Mapped "{[/error]}" onto public org.springframework.http.ResponseEntity<java.util.Map<java.lang.String, java.lang.Object>> org.springframework.boot.autoconfigure.web.servlet.error.BasicErrorController.error(javax.servlet.http.HttpServletRequest)
2019-03-29 15:51:04.200  INFO 10551 --- [main] o.s.w.s.handler.SimpleUrlHandlerMapping  : Mapped URL path [/webjars/**] onto handler of type [class org.springframework.web.servlet.resource.ResourceHttpRequestHandler]
2019-03-29 15:51:04.200  INFO 10551 --- [main] o.s.w.s.handler.SimpleUrlHandlerMapping  : Mapped URL path [/**] onto handler of type [class org.springframework.web.servlet.resource.ResourceHttpRequestHandler]
2019-03-29 15:51:04.222  INFO 10551 --- [main] .m.m.a.ExceptionHandlerExceptionResolver : Detected @ExceptionHandler methods in repositoryRestExceptionHandler
2019-03-29 15:51:04.487  INFO 10551 --- [main] o.s.d.r.w.RepositoryRestHandlerAdapter   : Looking for @ControllerAdvice: org.springframework.boot.web.servlet.context.AnnotationConfigServletWebServerApplicationContext@6cd24612: startup date [Fri Mar 29 15:50:59 CET 2019]; root of context hierarchy
2019-03-29 15:51:04.502  INFO 10551 --- [main] o.s.d.r.w.RepositoryRestHandlerMapping   : Mapped "{[/{repository}],methods=[OPTIONS],produces=[application/hal+json || application/json]}" onto public org.springframework.http.ResponseEntity<?> org.springframework.data.rest.webmvc.RepositoryEntityController.optionsForCollectionResource(org.springframework.data.rest.webmvc.RootResourceInformation)
2019-03-29 15:51:04.502  INFO 10551 --- [main] o.s.d.r.w.RepositoryRestHandlerMapping   : Mapped "{[/{repository}],methods=[HEAD],produces=[application/hal+json || application/json]}" onto public org.springframework.http.ResponseEntity<?> org.springframework.data.rest.webmvc.RepositoryEntityController.headCollectionResource(org.springframework.data.rest.webmvc.RootResourceInformation,org.springframework.data.rest.webmvc.support.DefaultedPageable) throws org.springframework.web.HttpRequestMethodNotSupportedException
2019-03-29 15:51:04.503  INFO 10551 --- [main] o.s.d.r.w.RepositoryRestHandlerMapping   : Mapped "{[/{repository}],methods=[GET],produces=[application/hal+json || application/json]}" onto public org.springframework.hateoas.Resources<?> org.springframework.data.rest.webmvc.RepositoryEntityController.getCollectionResource(org.springframework.data.rest.webmvc.RootResourceInformation,org.springframework.data.rest.webmvc.support.DefaultedPageable,org.springframework.data.domain.Sort,org.springframework.data.rest.webmvc.PersistentEntityResourceAssembler) throws org.springframework.data.rest.webmvc.ResourceNotFoundException,org.springframework.web.HttpRequestMethodNotSupportedException
2019-03-29 15:51:04.503  INFO 10551 --- [main] o.s.d.r.w.RepositoryRestHandlerMapping   : Mapped "{[/{repository}],methods=[GET],produces=[application/x-spring-data-compact+json || text/uri-list]}" onto public org.springframework.hateoas.Resources<?> org.springframework.data.rest.webmvc.RepositoryEntityController.getCollectionResourceCompact(org.springframework.data.rest.webmvc.RootResourceInformation,org.springframework.data.rest.webmvc.support.DefaultedPageable,org.springframework.data.domain.Sort,org.springframework.data.rest.webmvc.PersistentEntityResourceAssembler) throws org.springframework.data.rest.webmvc.ResourceNotFoundException,org.springframework.web.HttpRequestMethodNotSupportedException
2019-03-29 15:51:04.504  INFO 10551 --- [main] o.s.d.r.w.RepositoryRestHandlerMapping   : Mapped "{[/{repository}],methods=[POST],produces=[application/hal+json || application/json]}" onto public org.springframework.http.ResponseEntity<org.springframework.hateoas.ResourceSupport> org.springframework.data.rest.webmvc.RepositoryEntityController.postCollectionResource(org.springframework.data.rest.webmvc.RootResourceInformation,org.springframework.data.rest.webmvc.PersistentEntityResource,org.springframework.data.rest.webmvc.PersistentEntityResourceAssembler,java.lang.String) throws org.springframework.web.HttpRequestMethodNotSupportedException
2019-03-29 15:51:04.504  INFO 10551 --- [main] o.s.d.r.w.RepositoryRestHandlerMapping   : Mapped "{[/{repository}/{id}],methods=[OPTIONS],produces=[application/hal+json || application/json]}" onto public org.springframework.http.ResponseEntity<?> org.springframework.data.rest.webmvc.RepositoryEntityController.optionsForItemResource(org.springframework.data.rest.webmvc.RootResourceInformation)
2019-03-29 15:51:04.504  INFO 10551 --- [main] o.s.d.r.w.RepositoryRestHandlerMapping   : Mapped "{[/{repository}/{id}],methods=[HEAD],produces=[application/hal+json || application/json]}" onto public org.springframework.http.ResponseEntity<?> org.springframework.data.rest.webmvc.RepositoryEntityController.headForItemResource(org.springframework.data.rest.webmvc.RootResourceInformation,java.io.Serializable,org.springframework.data.rest.webmvc.PersistentEntityResourceAssembler) throws org.springframework.web.HttpRequestMethodNotSupportedException
2019-03-29 15:51:04.505  INFO 10551 --- [main] o.s.d.r.w.RepositoryRestHandlerMapping   : Mapped "{[/{repository}/{id}],methods=[GET],produces=[application/hal+json || application/json]}" onto public org.springframework.http.ResponseEntity<org.springframework.hateoas.Resource<?>> org.springframework.data.rest.webmvc.RepositoryEntityController.getItemResource(org.springframework.data.rest.webmvc.RootResourceInformation,java.io.Serializable,org.springframework.data.rest.webmvc.PersistentEntityResourceAssembler,org.springframework.http.HttpHeaders) throws org.springframework.web.HttpRequestMethodNotSupportedException
2019-03-29 15:51:04.505  INFO 10551 --- [main] o.s.d.r.w.RepositoryRestHandlerMapping   : Mapped "{[/{repository}/{id}],methods=[PUT],produces=[application/hal+json || application/json]}" onto public org.springframework.http.ResponseEntity<? extends org.springframework.hateoas.ResourceSupport> org.springframework.data.rest.webmvc.RepositoryEntityController.putItemResource(org.springframework.data.rest.webmvc.RootResourceInformation,org.springframework.data.rest.webmvc.PersistentEntityResource,java.io.Serializable,org.springframework.data.rest.webmvc.PersistentEntityResourceAssembler,org.springframework.data.rest.webmvc.support.ETag,java.lang.String) throws org.springframework.web.HttpRequestMethodNotSupportedException
2019-03-29 15:51:04.505  INFO 10551 --- [main] o.s.d.r.w.RepositoryRestHandlerMapping   : Mapped "{[/{repository}/{id}],methods=[PATCH],produces=[application/hal+json || application/json]}" onto public org.springframework.http.ResponseEntity<org.springframework.hateoas.ResourceSupport> org.springframework.data.rest.webmvc.RepositoryEntityController.patchItemResource(org.springframework.data.rest.webmvc.RootResourceInformation,org.springframework.data.rest.webmvc.PersistentEntityResource,java.io.Serializable,org.springframework.data.rest.webmvc.PersistentEntityResourceAssembler,org.springframework.data.rest.webmvc.support.ETag,java.lang.String) throws org.springframework.web.HttpRequestMethodNotSupportedException,org.springframework.data.rest.webmvc.ResourceNotFoundException
2019-03-29 15:51:04.506  INFO 10551 --- [main] o.s.d.r.w.RepositoryRestHandlerMapping   : Mapped "{[/{repository}/{id}],methods=[DELETE],produces=[application/hal+json || application/json]}" onto public org.springframework.http.ResponseEntity<?> org.springframework.data.rest.webmvc.RepositoryEntityController.deleteItemResource(org.springframework.data.rest.webmvc.RootResourceInformation,java.io.Serializable,org.springframework.data.rest.webmvc.support.ETag) throws org.springframework.data.rest.webmvc.ResourceNotFoundException,org.springframework.web.HttpRequestMethodNotSupportedException
2019-03-29 15:51:04.507  INFO 10551 --- [main] o.s.d.r.w.RepositoryRestHandlerMapping   : Mapped "{[/{repository}/{id}/{property}],methods=[GET],produces=[application/hal+json || application/json]}" onto public org.springframework.http.ResponseEntity<org.springframework.hateoas.ResourceSupport> org.springframework.data.rest.webmvc.RepositoryPropertyReferenceController.followPropertyReference(org.springframework.data.rest.webmvc.RootResourceInformation,java.io.Serializable,java.lang.String,org.springframework.data.rest.webmvc.PersistentEntityResourceAssembler) throws java.lang.Exception
2019-03-29 15:51:04.508  INFO 10551 --- [main] o.s.d.r.w.RepositoryRestHandlerMapping   : Mapped "{[/{repository}/{id}/{property}/{propertyId}],methods=[GET],produces=[application/hal+json || application/json]}" onto public org.springframework.http.ResponseEntity<org.springframework.hateoas.ResourceSupport> org.springframework.data.rest.webmvc.RepositoryPropertyReferenceController.followPropertyReference(org.springframework.data.rest.webmvc.RootResourceInformation,java.io.Serializable,java.lang.String,java.lang.String,org.springframework.data.rest.webmvc.PersistentEntityResourceAssembler) throws java.lang.Exception
2019-03-29 15:51:04.508  INFO 10551 --- [main] o.s.d.r.w.RepositoryRestHandlerMapping   : Mapped "{[/{repository}/{id}/{property}],methods=[DELETE],produces=[application/hal+json || application/json]}" onto public org.springframework.http.ResponseEntity<? extends org.springframework.hateoas.ResourceSupport> org.springframework.data.rest.webmvc.RepositoryPropertyReferenceController.deletePropertyReference(org.springframework.data.rest.webmvc.RootResourceInformation,java.io.Serializable,java.lang.String) throws java.lang.Exception
2019-03-29 15:51:04.509  INFO 10551 --- [main] o.s.d.r.w.RepositoryRestHandlerMapping   : Mapped "{[/{repository}/{id}/{property}],methods=[GET],produces=[application/x-spring-data-compact+json || text/uri-list]}" onto public org.springframework.http.ResponseEntity<org.springframework.hateoas.ResourceSupport> org.springframework.data.rest.webmvc.RepositoryPropertyReferenceController.followPropertyReferenceCompact(org.springframework.data.rest.webmvc.RootResourceInformation,java.io.Serializable,java.lang.String,org.springframework.data.rest.webmvc.PersistentEntityResourceAssembler) throws java.lang.Exception
2019-03-29 15:51:04.509  INFO 10551 --- [main] o.s.d.r.w.RepositoryRestHandlerMapping   : Mapped "{[/{repository}/{id}/{property}],methods=[PATCH || PUT || POST],consumes=[application/json || application/x-spring-data-compact+json || text/uri-list],produces=[application/hal+json || application/json]}" onto public org.springframework.http.ResponseEntity<? extends org.springframework.hateoas.ResourceSupport> org.springframework.data.rest.webmvc.RepositoryPropertyReferenceController.createPropertyReference(org.springframework.data.rest.webmvc.RootResourceInformation,org.springframework.http.HttpMethod,org.springframework.hateoas.Resources<java.lang.Object>,java.io.Serializable,java.lang.String) throws java.lang.Exception
2019-03-29 15:51:04.509  INFO 10551 --- [main] o.s.d.r.w.RepositoryRestHandlerMapping   : Mapped "{[/{repository}/{id}/{property}/{propertyId}],methods=[DELETE],produces=[application/hal+json || application/json]}" onto public org.springframework.http.ResponseEntity<org.springframework.hateoas.ResourceSupport> org.springframework.data.rest.webmvc.RepositoryPropertyReferenceController.deletePropertyReferenceId(org.springframework.data.rest.webmvc.RootResourceInformation,java.io.Serializable,java.lang.String,java.lang.String) throws java.lang.Exception
2019-03-29 15:51:04.511  INFO 10551 --- [main] o.s.d.r.w.RepositoryRestHandlerMapping   : Mapped "{[/{repository}/search],methods=[OPTIONS],produces=[application/hal+json || application/json]}" onto public org.springframework.http.HttpEntity<?> org.springframework.data.rest.webmvc.RepositorySearchController.optionsForSearches(org.springframework.data.rest.webmvc.RootResourceInformation)
2019-03-29 15:51:04.511  INFO 10551 --- [main] o.s.d.r.w.RepositoryRestHandlerMapping   : Mapped "{[/{repository}/search],methods=[HEAD],produces=[application/hal+json || application/json]}" onto public org.springframework.http.HttpEntity<?> org.springframework.data.rest.webmvc.RepositorySearchController.headForSearches(org.springframework.data.rest.webmvc.RootResourceInformation)
2019-03-29 15:51:04.511  INFO 10551 --- [main] o.s.d.r.w.RepositoryRestHandlerMapping   : Mapped "{[/{repository}/search],methods=[GET],produces=[application/hal+json || application/json]}" onto public org.springframework.data.rest.webmvc.RepositorySearchesResource org.springframework.data.rest.webmvc.RepositorySearchController.listSearches(org.springframework.data.rest.webmvc.RootResourceInformation)
2019-03-29 15:51:04.512  INFO 10551 --- [main] o.s.d.r.w.RepositoryRestHandlerMapping   : Mapped "{[/{repository}/search/{search}],methods=[GET],produces=[application/hal+json || application/json]}" onto public org.springframework.http.ResponseEntity<?> org.springframework.data.rest.webmvc.RepositorySearchController.executeSearch(org.springframework.data.rest.webmvc.RootResourceInformation,org.springframework.util.MultiValueMap<java.lang.String, java.lang.Object>,java.lang.String,org.springframework.data.rest.webmvc.support.DefaultedPageable,org.springframework.data.domain.Sort,org.springframework.data.rest.webmvc.PersistentEntityResourceAssembler,org.springframework.http.HttpHeaders)
2019-03-29 15:51:04.512  INFO 10551 --- [main] o.s.d.r.w.RepositoryRestHandlerMapping   : Mapped "{[/{repository}/search/{search}],methods=[GET],produces=[application/x-spring-data-compact+json]}" onto public org.springframework.hateoas.ResourceSupport org.springframework.data.rest.webmvc.RepositorySearchController.executeSearchCompact(org.springframework.data.rest.webmvc.RootResourceInformation,org.springframework.http.HttpHeaders,org.springframework.util.MultiValueMap<java.lang.String, java.lang.Object>,java.lang.String,java.lang.String,org.springframework.data.rest.webmvc.support.DefaultedPageable,org.springframework.data.domain.Sort,org.springframework.data.rest.webmvc.PersistentEntityResourceAssembler)
2019-03-29 15:51:04.512  INFO 10551 --- [main] o.s.d.r.w.RepositoryRestHandlerMapping   : Mapped "{[/{repository}/search/{search}],methods=[OPTIONS],produces=[application/hal+json || application/json]}" onto public org.springframework.http.ResponseEntity<java.lang.Object> org.springframework.data.rest.webmvc.RepositorySearchController.optionsForSearch(org.springframework.data.rest.webmvc.RootResourceInformation,java.lang.String)
2019-03-29 15:51:04.513  INFO 10551 --- [main] o.s.d.r.w.RepositoryRestHandlerMapping   : Mapped "{[/{repository}/search/{search}],methods=[HEAD],produces=[application/hal+json || application/json]}" onto public org.springframework.http.ResponseEntity<java.lang.Object> org.springframework.data.rest.webmvc.RepositorySearchController.headForSearch(org.springframework.data.rest.webmvc.RootResourceInformation,java.lang.String)
2019-03-29 15:51:04.513  INFO 10551 --- [main] o.s.d.r.w.RepositoryRestHandlerMapping   : Mapped "{[/ || ],methods=[GET],produces=[application/hal+json || application/json]}" onto public org.springframework.http.HttpEntity<org.springframework.data.rest.webmvc.RepositoryLinksResource> org.springframework.data.rest.webmvc.RepositoryController.listRepositories()
2019-03-29 15:51:04.514  INFO 10551 --- [main] o.s.d.r.w.RepositoryRestHandlerMapping   : Mapped "{[/ || ],methods=[OPTIONS],produces=[application/hal+json || application/json]}" onto public org.springframework.http.HttpEntity<?> org.springframework.data.rest.webmvc.RepositoryController.optionsForRepositories()
2019-03-29 15:51:04.514  INFO 10551 --- [main] o.s.d.r.w.RepositoryRestHandlerMapping   : Mapped "{[/ || ],methods=[HEAD],produces=[application/hal+json || application/json]}" onto public org.springframework.http.ResponseEntity<?> org.springframework.data.rest.webmvc.RepositoryController.headForRepositories()
2019-03-29 15:51:04.518  INFO 10551 --- [main] o.s.d.r.w.BasePathAwareHandlerMapping    : Mapped "{[/profile],methods=[GET]}" onto org.springframework.http.HttpEntity<org.springframework.hateoas.ResourceSupport> org.springframework.data.rest.webmvc.ProfileController.listAllFormsOfMetadata()
2019-03-29 15:51:04.518  INFO 10551 --- [main] o.s.d.r.w.BasePathAwareHandlerMapping    : Mapped "{[/profile],methods=[OPTIONS]}" onto public org.springframework.http.HttpEntity<?> org.springframework.data.rest.webmvc.ProfileController.profileOptions()
2019-03-29 15:51:04.518  INFO 10551 --- [main] o.s.d.r.w.BasePathAwareHandlerMapping    : Mapped "{[/profile/{repository}],methods=[GET],produces=[application/schema+json]}" onto public org.springframework.http.HttpEntity<org.springframework.data.rest.webmvc.json.JsonSchema> org.springframework.data.rest.webmvc.RepositorySchemaController.schema(org.springframework.data.rest.webmvc.RootResourceInformation)
2019-03-29 15:51:04.519  INFO 10551 --- [main] o.s.d.r.w.BasePathAwareHandlerMapping    : Mapped "{[/profile/{repository}],methods=[GET],produces=[application/alps+json || */*]}" onto org.springframework.http.HttpEntity<org.springframework.data.rest.webmvc.RootResourceInformation> org.springframework.data.rest.webmvc.alps.AlpsController.descriptor(org.springframework.data.rest.webmvc.RootResourceInformation)
2019-03-29 15:51:04.519  INFO 10551 --- [main] o.s.d.r.w.BasePathAwareHandlerMapping    : Mapped "{[/profile/{repository}],methods=[OPTIONS],produces=[application/alps+json]}" onto org.springframework.http.HttpEntity<?> org.springframework.data.rest.webmvc.alps.AlpsController.alpsOptions()
2019-03-29 15:51:04.804  INFO 10551 --- [main] o.s.b.w.embedded.tomcat.TomcatWebServer  : Tomcat started on port(s): 8080 (http) with context path ''
2019-03-29 15:51:04.812  INFO 10551 --- [main] c.b.t.r.c.a.rest.RestaurantTableRestIT   : Started RestaurantTableRestIT in 6.062 seconds (JVM running for 8.325)
2019-03-29 15:51:05.013 DEBUG 10551 --- [main] org.hibernate.SQL                        : insert into RestaurantEntity (description, name, photoUrl, city, country, postalCode, street, id) values (?, ?, ?, ?, ?, ?, ?, ?)
2019-03-29 15:51:05.776  INFO 10551 --- [http-nio-8080-exec-1] o.a.c.c.C.[Tomcat].[localhost].[/]       : Initializing Spring FrameworkServlet 'dispatcherServlet'
2019-03-29 15:51:05.777  INFO 10551 --- [http-nio-8080-exec-1] o.s.web.servlet.DispatcherServlet        : FrameworkServlet 'dispatcherServlet': initialization started
2019-03-29 15:51:05.802  INFO 10551 --- [http-nio-8080-exec-1] o.s.web.servlet.DispatcherServlet        : FrameworkServlet 'dispatcherServlet': initialization completed in 25 ms
2019-03-29 15:51:05.902  INFO 10551 --- [http-nio-8080-exec-1] c.b.t.r.c.a.DefaultCommandExecutor       : Command com.beben.tomasz.restaurant.core.api.command.AddTableCommand started.
2019-03-29 15:51:05.932  INFO 10551 --- [http-nio-8080-exec-1] o.h.h.i.QueryTranslatorFactoryInitiator  : HHH000397: Using ASTQueryTranslatorFactory
2019-03-29 15:51:06.045 DEBUG 10551 --- [http-nio-8080-exec-1] org.hibernate.SQL                        : select restaurant0_.id as id1_0_, restaurant0_.description as descript2_0_, restaurant0_.name as name3_0_, restaurant0_.photoUrl as photoUrl4_0_, restaurant0_.city as city5_0_, restaurant0_.country as country6_0_, restaurant0_.postalCode as postalCo7_0_, restaurant0_.street as street8_0_ from RestaurantEntity restaurant0_ where restaurant0_.id=?
2019-03-29 15:51:06.066 DEBUG 10551 --- [http-nio-8080-exec-1] org.hibernate.SQL                        : insert into RestaurantTableEntity (capacity, name, position, restaurantReference, id) values (?, ?, ?, ?, ?)
2019-03-29 15:51:06.078  INFO 10551 --- [http-nio-8080-exec-1] c.b.t.r.c.a.DefaultCommandExecutor       : Command com.beben.tomasz.restaurant.core.api.command.AddTableCommand completed in 00:00:00.164.
2019-03-29 15:51:06.181 DEBUG 10551 --- [main] org.hibernate.SQL                        : select restaurant0_.id as id1_2_0_, restaurant0_.capacity as capacity2_2_0_, restaurant0_.name as name3_2_0_, restaurant0_.position as position4_2_0_, restaurant0_.restaurantReference as restaura5_2_0_ from RestaurantTableEntity restaurant0_ where restaurant0_.id=?
2019-03-29 15:51:06.198 DEBUG 10551 --- [main] org.hibernate.SQL                        : delete from RestaurantTableEntity
2019-03-29 15:51:06.206 DEBUG 10551 --- [main] org.hibernate.SQL                        : delete from RestaurantEntity
2019-03-29 15:51:06.214 DEBUG 10551 --- [main] org.hibernate.SQL                        : insert into RestaurantEntity (description, name, photoUrl, city, country, postalCode, street, id) values (?, ?, ?, ?, ?, ?, ?, ?)
2019-03-29 15:51:06.215 DEBUG 10551 --- [main] org.hibernate.SQL                        : insert into RestaurantTableEntity (capacity, name, position, restaurantReference, id) values (?, ?, ?, ?, ?)
2019-03-29 15:51:06.249 DEBUG 10551 --- [http-nio-8080-exec-2] org.hibernate.SQL                        : select restaurant0_.id as id1_2_, restaurant0_.capacity as capacity2_2_, restaurant0_.name as name3_2_, restaurant0_.position as position4_2_, restaurant0_.restaurantReference as restaura5_2_ from RestaurantTableEntity restaurant0_ where restaurant0_.restaurantReference=? order by restaurant0_.capacity ASC
2019-03-29 15:51:06.282 DEBUG 10551 --- [main] org.hibernate.SQL                        : delete from RestaurantTableEntity
2019-03-29 15:51:06.285 DEBUG 10551 --- [main] org.hibernate.SQL                        : delete from RestaurantEntity
2019-03-29 15:51:06.291  INFO 10551 --- [Thread-4] ConfigServletWebServerApplicationContext : Closing org.springframework.boot.web.servlet.context.AnnotationConfigServletWebServerApplicationContext@6cd24612: startup date [Fri Mar 29 15:50:59 CET 2019]; root of context hierarchy
2019-03-29 15:51:06.299  INFO 10551 --- [Thread-4] j.LocalContainerEntityManagerFactoryBean : Closing JPA EntityManagerFactory for persistence unit 'default'
2019-03-29 15:51:06.301  INFO 10551 --- [Thread-4] com.zaxxer.hikari.HikariDataSource       : HikariPool-1 - Shutdown initiated...
2019-03-29 15:51:06.306  INFO 10551 --- [Thread-4] com.zaxxer.hikari.HikariDataSource       : HikariPool-1 - Shutdown completed.
2019-03-29 15:52:42.962  INFO 11030 --- [main] .t.r.c.a.c.AddRestaurantCommandHandlerIT : Starting AddRestaurantCommandHandlerIT on tomasz-Lenovo-Z710 with PID 11030 (/home/tomasz/IdeaProjects/restaurant/restaurant-modules/restaurant-core/restaurant-core-infrastructure-spring/target/test-classes started by tomasz in /home/tomasz/IdeaProjects/restaurant/restaurant-modules/restaurant-core/restaurant-core-infrastructure-spring)
2019-03-29 15:52:42.965  INFO 11030 --- [main] .t.r.c.a.c.AddRestaurantCommandHandlerIT : No active profile set, falling back to default profiles: default
2019-03-29 15:52:42.988  INFO 11030 --- [main] ConfigServletWebServerApplicationContext : Refreshing org.springframework.boot.web.servlet.context.AnnotationConfigServletWebServerApplicationContext@461ad730: startup date [Fri Mar 29 15:52:42 CET 2019]; root of context hierarchy
2019-03-29 15:52:44.224  INFO 11030 --- [main] f.a.AutowiredAnnotationBeanPostProcessor : JSR-330 'javax.inject.Inject' annotation found and supported for autowiring
2019-03-29 15:52:44.370  INFO 11030 --- [main] trationDelegate$BeanPostProcessorChecker : Bean 'org.springframework.transaction.annotation.ProxyTransactionManagementConfiguration' of type [org.springframework.transaction.annotation.ProxyTransactionManagementConfiguration$$EnhancerBySpringCGLIB$$973a4bef] is not eligible for getting processed by all BeanPostProcessors (for example: not eligible for auto-proxying)
2019-03-29 15:52:44.410  INFO 11030 --- [main] trationDelegate$BeanPostProcessorChecker : Bean 'org.springframework.hateoas.config.HateoasConfiguration' of type [org.springframework.hateoas.config.HateoasConfiguration$$EnhancerBySpringCGLIB$$16ba9921] is not eligible for getting processed by all BeanPostProcessors (for example: not eligible for auto-proxying)
2019-03-29 15:52:44.898  INFO 11030 --- [main] o.s.b.w.embedded.tomcat.TomcatWebServer  : Tomcat initialized with port(s): 8080 (http)
2019-03-29 15:52:44.929  INFO 11030 --- [main] o.apache.catalina.core.StandardService   : Starting service [Tomcat]
2019-03-29 15:52:44.930  INFO 11030 --- [main] org.apache.catalina.core.StandardEngine  : Starting Servlet Engine: Apache Tomcat/8.5.34
2019-03-29 15:52:44.944  INFO 11030 --- [localhost-startStop-1] o.a.catalina.core.AprLifecycleListener   : The APR based Apache Tomcat Native library which allows optimal performance in production environments was not found on the java.library.path: [/usr/java/packages/lib/amd64:/usr/lib64:/lib64:/lib:/usr/lib]
2019-03-29 15:52:45.059  INFO 11030 --- [localhost-startStop-1] o.a.c.c.C.[Tomcat].[localhost].[/]       : Initializing Spring embedded WebApplicationContext
2019-03-29 15:52:45.059  INFO 11030 --- [localhost-startStop-1] o.s.web.context.ContextLoader            : Root WebApplicationContext: initialization completed in 2071 ms
2019-03-29 15:52:45.149  INFO 11030 --- [localhost-startStop-1] o.s.b.w.servlet.ServletRegistrationBean  : Servlet dispatcherServlet mapped to [/]
2019-03-29 15:52:45.155  INFO 11030 --- [localhost-startStop-1] o.s.b.w.servlet.FilterRegistrationBean   : Mapping filter: 'characterEncodingFilter' to: [/*]
2019-03-29 15:52:45.155  INFO 11030 --- [localhost-startStop-1] o.s.b.w.servlet.FilterRegistrationBean   : Mapping filter: 'hiddenHttpMethodFilter' to: [/*]
2019-03-29 15:52:45.156  INFO 11030 --- [localhost-startStop-1] o.s.b.w.servlet.FilterRegistrationBean   : Mapping filter: 'httpPutFormContentFilter' to: [/*]
2019-03-29 15:52:45.156  INFO 11030 --- [localhost-startStop-1] o.s.b.w.servlet.FilterRegistrationBean   : Mapping filter: 'requestContextFilter' to: [/*]
2019-03-29 15:52:45.339  INFO 11030 --- [main] j.LocalContainerEntityManagerFactoryBean : Building JPA container EntityManagerFactory for persistence unit 'default'
2019-03-29 15:52:45.358  INFO 11030 --- [main] o.hibernate.jpa.internal.util.LogHelper  : HHH000204: Processing PersistenceUnitInfo [
	name: default
	...]
2019-03-29 15:52:45.457  INFO 11030 --- [main] org.hibernate.Version                    : HHH000412: Hibernate Core {5.2.17.Final}
2019-03-29 15:52:45.459  INFO 11030 --- [main] org.hibernate.cfg.Environment            : HHH000206: hibernate.properties not found
2019-03-29 15:52:45.507  INFO 11030 --- [main] o.hibernate.annotations.common.Version   : HCANN000001: Hibernate Commons Annotations {5.0.1.Final}
2019-03-29 15:52:45.649  INFO 11030 --- [main] com.zaxxer.hikari.HikariDataSource       : HikariPool-1 - Starting...
2019-03-29 15:52:45.652  WARN 11030 --- [main] com.zaxxer.hikari.util.DriverDataSource  : Registered driver with driverClassName=com.mysql.jdbc.Driver was not found, trying direct instantiation.
2019-03-29 15:52:45.820  INFO 11030 --- [main] com.zaxxer.hikari.HikariDataSource       : HikariPool-1 - Start completed.
2019-03-29 15:52:45.836  INFO 11030 --- [main] org.hibernate.dialect.Dialect            : HHH000400: Using dialect: org.hibernate.dialect.MySQL57Dialect
2019-03-29 15:52:46.468  INFO 11030 --- [main] j.LocalContainerEntityManagerFactoryBean : Initialized JPA EntityManagerFactory for persistence unit 'default'
2019-03-29 15:52:47.264  INFO 11030 --- [main] o.s.w.s.handler.SimpleUrlHandlerMapping  : Mapped URL path [/**/favicon.ico] onto handler of type [class org.springframework.web.servlet.resource.ResourceHttpRequestHandler]
2019-03-29 15:52:47.517  INFO 11030 --- [main] s.w.s.m.m.a.RequestMappingHandlerAdapter : Looking for @ControllerAdvice: org.springframework.boot.web.servlet.context.AnnotationConfigServletWebServerApplicationContext@461ad730: startup date [Fri Mar 29 15:52:42 CET 2019]; root of context hierarchy
2019-03-29 15:52:47.582  WARN 11030 --- [main] aWebConfiguration$JpaWebMvcConfiguration : spring.jpa.open-in-view is enabled by default. Therefore, database queries may be performed during view rendering. Explicitly configure spring.jpa.open-in-view to disable this warning
2019-03-29 15:52:47.638  INFO 11030 --- [main] s.w.s.m.m.a.RequestMappingHandlerMapping : Mapped "{[/restaurant/details/{restaurantId}],methods=[GET]}" onto com.beben.tomasz.restaurant.core.api.view.RestaurantView com.beben.tomasz.restaurant.core.infrastructure.spring.delivery.RestaurantHttpEndpoint.restaurantViewDetails(java.lang.String) throws java.lang.Exception
2019-03-29 15:52:47.640  INFO 11030 --- [main] s.w.s.m.m.a.RequestMappingHandlerMapping : Mapped "{[/restaurant],methods=[GET]}" onto java.util.List<com.beben.tomasz.restaurant.core.api.view.RestaurantView> com.beben.tomasz.restaurant.core.infrastructure.spring.delivery.RestaurantHttpEndpoint.findAll(int,int) throws java.lang.Exception
2019-03-29 15:52:47.641  INFO 11030 --- [main] s.w.s.m.m.a.RequestMappingHandlerMapping : Mapped "{[/restaurant/{name}],methods=[GET]}" onto java.util.List<com.beben.tomasz.restaurant.core.api.view.RestaurantView> com.beben.tomasz.restaurant.core.infrastructure.spring.delivery.RestaurantHttpEndpoint.searchByRestaurantName(java.lang.String,int,int) throws java.lang.Exception
2019-03-29 15:52:47.641  INFO 11030 --- [main] s.w.s.m.m.a.RequestMappingHandlerMapping : Mapped "{[/restaurant],methods=[POST]}" onto com.beben.tomasz.restaurant.core.domain.RestaurantId com.beben.tomasz.restaurant.core.infrastructure.spring.delivery.RestaurantHttpEndpoint.addRestaurant(com.beben.tomasz.restaurant.core.api.command.AddRestaurantCommand) throws java.lang.Exception
2019-03-29 15:52:47.642  INFO 11030 --- [main] s.w.s.m.m.a.RequestMappingHandlerMapping : Mapped "{[/table],methods=[POST]}" onto com.beben.tomasz.restaurant.core.domain.TableId com.beben.tomasz.restaurant.core.infrastructure.spring.delivery.RestaurantTableHttpEndpoint.addTable(com.beben.tomasz.restaurant.core.api.command.AddTableCommand) throws java.lang.Exception
2019-03-29 15:52:47.643  INFO 11030 --- [main] s.w.s.m.m.a.RequestMappingHandlerMapping : Mapped "{[/table/{restaurantId}],methods=[GET]}" onto java.util.List<com.beben.tomasz.restaurant.core.api.view.RestaurantTableView> com.beben.tomasz.restaurant.core.infrastructure.spring.delivery.RestaurantTableHttpEndpoint.tablesByRestaurnat(java.lang.String) throws java.lang.Exception
2019-03-29 15:52:47.648  INFO 11030 --- [main] s.w.s.m.m.a.RequestMappingHandlerMapping : Mapped "{[/error],produces=[text/html]}" onto public org.springframework.web.servlet.ModelAndView org.springframework.boot.autoconfigure.web.servlet.error.BasicErrorController.errorHtml(javax.servlet.http.HttpServletRequest,javax.servlet.http.HttpServletResponse)
2019-03-29 15:52:47.648  INFO 11030 --- [main] s.w.s.m.m.a.RequestMappingHandlerMapping : Mapped "{[/error]}" onto public org.springframework.http.ResponseEntity<java.util.Map<java.lang.String, java.lang.Object>> org.springframework.boot.autoconfigure.web.servlet.error.BasicErrorController.error(javax.servlet.http.HttpServletRequest)
2019-03-29 15:52:47.692  INFO 11030 --- [main] o.s.w.s.handler.SimpleUrlHandlerMapping  : Mapped URL path [/webjars/**] onto handler of type [class org.springframework.web.servlet.resource.ResourceHttpRequestHandler]
2019-03-29 15:52:47.692  INFO 11030 --- [main] o.s.w.s.handler.SimpleUrlHandlerMapping  : Mapped URL path [/**] onto handler of type [class org.springframework.web.servlet.resource.ResourceHttpRequestHandler]
2019-03-29 15:52:47.720  INFO 11030 --- [main] .m.m.a.ExceptionHandlerExceptionResolver : Detected @ExceptionHandler methods in repositoryRestExceptionHandler
2019-03-29 15:52:48.028  INFO 11030 --- [main] o.s.d.r.w.RepositoryRestHandlerAdapter   : Looking for @ControllerAdvice: org.springframework.boot.web.servlet.context.AnnotationConfigServletWebServerApplicationContext@461ad730: startup date [Fri Mar 29 15:52:42 CET 2019]; root of context hierarchy
2019-03-29 15:52:48.044  INFO 11030 --- [main] o.s.d.r.w.RepositoryRestHandlerMapping   : Mapped "{[/{repository}],methods=[GET],produces=[application/hal+json || application/json]}" onto public org.springframework.hateoas.Resources<?> org.springframework.data.rest.webmvc.RepositoryEntityController.getCollectionResource(org.springframework.data.rest.webmvc.RootResourceInformation,org.springframework.data.rest.webmvc.support.DefaultedPageable,org.springframework.data.domain.Sort,org.springframework.data.rest.webmvc.PersistentEntityResourceAssembler) throws org.springframework.data.rest.webmvc.ResourceNotFoundException,org.springframework.web.HttpRequestMethodNotSupportedException
2019-03-29 15:52:48.044  INFO 11030 --- [main] o.s.d.r.w.RepositoryRestHandlerMapping   : Mapped "{[/{repository}],methods=[OPTIONS],produces=[application/hal+json || application/json]}" onto public org.springframework.http.ResponseEntity<?> org.springframework.data.rest.webmvc.RepositoryEntityController.optionsForCollectionResource(org.springframework.data.rest.webmvc.RootResourceInformation)
2019-03-29 15:52:48.044  INFO 11030 --- [main] o.s.d.r.w.RepositoryRestHandlerMapping   : Mapped "{[/{repository}],methods=[HEAD],produces=[application/hal+json || application/json]}" onto public org.springframework.http.ResponseEntity<?> org.springframework.data.rest.webmvc.RepositoryEntityController.headCollectionResource(org.springframework.data.rest.webmvc.RootResourceInformation,org.springframework.data.rest.webmvc.support.DefaultedPageable) throws org.springframework.web.HttpRequestMethodNotSupportedException
2019-03-29 15:52:48.045  INFO 11030 --- [main] o.s.d.r.w.RepositoryRestHandlerMapping   : Mapped "{[/{repository}],methods=[GET],produces=[application/x-spring-data-compact+json || text/uri-list]}" onto public org.springframework.hateoas.Resources<?> org.springframework.data.rest.webmvc.RepositoryEntityController.getCollectionResourceCompact(org.springframework.data.rest.webmvc.RootResourceInformation,org.springframework.data.rest.webmvc.support.DefaultedPageable,org.springframework.data.domain.Sort,org.springframework.data.rest.webmvc.PersistentEntityResourceAssembler) throws org.springframework.data.rest.webmvc.ResourceNotFoundException,org.springframework.web.HttpRequestMethodNotSupportedException
2019-03-29 15:52:48.045  INFO 11030 --- [main] o.s.d.r.w.RepositoryRestHandlerMapping   : Mapped "{[/{repository}],methods=[POST],produces=[application/hal+json || application/json]}" onto public org.springframework.http.ResponseEntity<org.springframework.hateoas.ResourceSupport> org.springframework.data.rest.webmvc.RepositoryEntityController.postCollectionResource(org.springframework.data.rest.webmvc.RootResourceInformation,org.springframework.data.rest.webmvc.PersistentEntityResource,org.springframework.data.rest.webmvc.PersistentEntityResourceAssembler,java.lang.String) throws org.springframework.web.HttpRequestMethodNotSupportedException
2019-03-29 15:52:48.045  INFO 11030 --- [main] o.s.d.r.w.RepositoryRestHandlerMapping   : Mapped "{[/{repository}/{id}],methods=[OPTIONS],produces=[application/hal+json || application/json]}" onto public org.springframework.http.ResponseEntity<?> org.springframework.data.rest.webmvc.RepositoryEntityController.optionsForItemResource(org.springframework.data.rest.webmvc.RootResourceInformation)
2019-03-29 15:52:48.046  INFO 11030 --- [main] o.s.d.r.w.RepositoryRestHandlerMapping   : Mapped "{[/{repository}/{id}],methods=[HEAD],produces=[application/hal+json || application/json]}" onto public org.springframework.http.ResponseEntity<?> org.springframework.data.rest.webmvc.RepositoryEntityController.headForItemResource(org.springframework.data.rest.webmvc.RootResourceInformation,java.io.Serializable,org.springframework.data.rest.webmvc.PersistentEntityResourceAssembler) throws org.springframework.web.HttpRequestMethodNotSupportedException
2019-03-29 15:52:48.046  INFO 11030 --- [main] o.s.d.r.w.RepositoryRestHandlerMapping   : Mapped "{[/{repository}/{id}],methods=[GET],produces=[application/hal+json || application/json]}" onto public org.springframework.http.ResponseEntity<org.springframework.hateoas.Resource<?>> org.springframework.data.rest.webmvc.RepositoryEntityController.getItemResource(org.springframework.data.rest.webmvc.RootResourceInformation,java.io.Serializable,org.springframework.data.rest.webmvc.PersistentEntityResourceAssembler,org.springframework.http.HttpHeaders) throws org.springframework.web.HttpRequestMethodNotSupportedException
2019-03-29 15:52:48.046  INFO 11030 --- [main] o.s.d.r.w.RepositoryRestHandlerMapping   : Mapped "{[/{repository}/{id}],methods=[PUT],produces=[application/hal+json || application/json]}" onto public org.springframework.http.ResponseEntity<? extends org.springframework.hateoas.ResourceSupport> org.springframework.data.rest.webmvc.RepositoryEntityController.putItemResource(org.springframework.data.rest.webmvc.RootResourceInformation,org.springframework.data.rest.webmvc.PersistentEntityResource,java.io.Serializable,org.springframework.data.rest.webmvc.PersistentEntityResourceAssembler,org.springframework.data.rest.webmvc.support.ETag,java.lang.String) throws org.springframework.web.HttpRequestMethodNotSupportedException
2019-03-29 15:52:48.047  INFO 11030 --- [main] o.s.d.r.w.RepositoryRestHandlerMapping   : Mapped "{[/{repository}/{id}],methods=[PATCH],produces=[application/hal+json || application/json]}" onto public org.springframework.http.ResponseEntity<org.springframework.hateoas.ResourceSupport> org.springframework.data.rest.webmvc.RepositoryEntityController.patchItemResource(org.springframework.data.rest.webmvc.RootResourceInformation,org.springframework.data.rest.webmvc.PersistentEntityResource,java.io.Serializable,org.springframework.data.rest.webmvc.PersistentEntityResourceAssembler,org.springframework.data.rest.webmvc.support.ETag,java.lang.String) throws org.springframework.web.HttpRequestMethodNotSupportedException,org.springframework.data.rest.webmvc.ResourceNotFoundException
2019-03-29 15:52:48.047  INFO 11030 --- [main] o.s.d.r.w.RepositoryRestHandlerMapping   : Mapped "{[/{repository}/{id}],methods=[DELETE],produces=[application/hal+json || application/json]}" onto public org.springframework.http.ResponseEntity<?> org.springframework.data.rest.webmvc.RepositoryEntityController.deleteItemResource(org.springframework.data.rest.webmvc.RootResourceInformation,java.io.Serializable,org.springframework.data.rest.webmvc.support.ETag) throws org.springframework.data.rest.webmvc.ResourceNotFoundException,org.springframework.web.HttpRequestMethodNotSupportedException
2019-03-29 15:52:48.049  INFO 11030 --- [main] o.s.d.r.w.RepositoryRestHandlerMapping   : Mapped "{[/{repository}/{id}/{property}],methods=[GET],produces=[application/x-spring-data-compact+json || text/uri-list]}" onto public org.springframework.http.ResponseEntity<org.springframework.hateoas.ResourceSupport> org.springframework.data.rest.webmvc.RepositoryPropertyReferenceController.followPropertyReferenceCompact(org.springframework.data.rest.webmvc.RootResourceInformation,java.io.Serializable,java.lang.String,org.springframework.data.rest.webmvc.PersistentEntityResourceAssembler) throws java.lang.Exception
2019-03-29 15:52:48.049  INFO 11030 --- [main] o.s.d.r.w.RepositoryRestHandlerMapping   : Mapped "{[/{repository}/{id}/{property}],methods=[PATCH || PUT || POST],consumes=[application/json || application/x-spring-data-compact+json || text/uri-list],produces=[application/hal+json || application/json]}" onto public org.springframework.http.ResponseEntity<? extends org.springframework.hateoas.ResourceSupport> org.springframework.data.rest.webmvc.RepositoryPropertyReferenceController.createPropertyReference(org.springframework.data.rest.webmvc.RootResourceInformation,org.springframework.http.HttpMethod,org.springframework.hateoas.Resources<java.lang.Object>,java.io.Serializable,java.lang.String) throws java.lang.Exception
2019-03-29 15:52:48.049  INFO 11030 --- [main] o.s.d.r.w.RepositoryRestHandlerMapping   : Mapped "{[/{repository}/{id}/{property}/{propertyId}],methods=[DELETE],produces=[application/hal+json || application/json]}" onto public org.springframework.http.ResponseEntity<org.springframework.hateoas.ResourceSupport> org.springframework.data.rest.webmvc.RepositoryPropertyReferenceController.deletePropertyReferenceId(org.springframework.data.rest.webmvc.RootResourceInformation,java.io.Serializable,java.lang.String,java.lang.String) throws java.lang.Exception
2019-03-29 15:52:48.050  INFO 11030 --- [main] o.s.d.r.w.RepositoryRestHandlerMapping   : Mapped "{[/{repository}/{id}/{property}/{propertyId}],methods=[GET],produces=[application/hal+json || application/json]}" onto public org.springframework.http.ResponseEntity<org.springframework.hateoas.ResourceSupport> org.springframework.data.rest.webmvc.RepositoryPropertyReferenceController.followPropertyReference(org.springframework.data.rest.webmvc.RootResourceInformation,java.io.Serializable,java.lang.String,java.lang.String,org.springframework.data.rest.webmvc.PersistentEntityResourceAssembler) throws java.lang.Exception
2019-03-29 15:52:48.050  INFO 11030 --- [main] o.s.d.r.w.RepositoryRestHandlerMapping   : Mapped "{[/{repository}/{id}/{property}],methods=[GET],produces=[application/hal+json || application/json]}" onto public org.springframework.http.ResponseEntity<org.springframework.hateoas.ResourceSupport> org.springframework.data.rest.webmvc.RepositoryPropertyReferenceController.followPropertyReference(org.springframework.data.rest.webmvc.RootResourceInformation,java.io.Serializable,java.lang.String,org.springframework.data.rest.webmvc.PersistentEntityResourceAssembler) throws java.lang.Exception
2019-03-29 15:52:48.050  INFO 11030 --- [main] o.s.d.r.w.RepositoryRestHandlerMapping   : Mapped "{[/{repository}/{id}/{property}],methods=[DELETE],produces=[application/hal+json || application/json]}" onto public org.springframework.http.ResponseEntity<? extends org.springframework.hateoas.ResourceSupport> org.springframework.data.rest.webmvc.RepositoryPropertyReferenceController.deletePropertyReference(org.springframework.data.rest.webmvc.RootResourceInformation,java.io.Serializable,java.lang.String) throws java.lang.Exception
2019-03-29 15:52:48.052  INFO 11030 --- [main] o.s.d.r.w.RepositoryRestHandlerMapping   : Mapped "{[/{repository}/search],methods=[OPTIONS],produces=[application/hal+json || application/json]}" onto public org.springframework.http.HttpEntity<?> org.springframework.data.rest.webmvc.RepositorySearchController.optionsForSearches(org.springframework.data.rest.webmvc.RootResourceInformation)
2019-03-29 15:52:48.052  INFO 11030 --- [main] o.s.d.r.w.RepositoryRestHandlerMapping   : Mapped "{[/{repository}/search],methods=[HEAD],produces=[application/hal+json || application/json]}" onto public org.springframework.http.HttpEntity<?> org.springframework.data.rest.webmvc.RepositorySearchController.headForSearches(org.springframework.data.rest.webmvc.RootResourceInformation)
2019-03-29 15:52:48.052  INFO 11030 --- [main] o.s.d.r.w.RepositoryRestHandlerMapping   : Mapped "{[/{repository}/search],methods=[GET],produces=[application/hal+json || application/json]}" onto public org.springframework.data.rest.webmvc.RepositorySearchesResource org.springframework.data.rest.webmvc.RepositorySearchController.listSearches(org.springframework.data.rest.webmvc.RootResourceInformation)
2019-03-29 15:52:48.052  INFO 11030 --- [main] o.s.d.r.w.RepositoryRestHandlerMapping   : Mapped "{[/{repository}/search/{search}],methods=[GET],produces=[application/hal+json || application/json]}" onto public org.springframework.http.ResponseEntity<?> org.springframework.data.rest.webmvc.RepositorySearchController.executeSearch(org.springframework.data.rest.webmvc.RootResourceInformation,org.springframework.util.MultiValueMap<java.lang.String, java.lang.Object>,java.lang.String,org.springframework.data.rest.webmvc.support.DefaultedPageable,org.springframework.data.domain.Sort,org.springframework.data.rest.webmvc.PersistentEntityResourceAssembler,org.springframework.http.HttpHeaders)
2019-03-29 15:52:48.053  INFO 11030 --- [main] o.s.d.r.w.RepositoryRestHandlerMapping   : Mapped "{[/{repository}/search/{search}],methods=[GET],produces=[application/x-spring-data-compact+json]}" onto public org.springframework.hateoas.ResourceSupport org.springframework.data.rest.webmvc.RepositorySearchController.executeSearchCompact(org.springframework.data.rest.webmvc.RootResourceInformation,org.springframework.http.HttpHeaders,org.springframework.util.MultiValueMap<java.lang.String, java.lang.Object>,java.lang.String,java.lang.String,org.springframework.data.rest.webmvc.support.DefaultedPageable,org.springframework.data.domain.Sort,org.springframework.data.rest.webmvc.PersistentEntityResourceAssembler)
2019-03-29 15:52:48.053  INFO 11030 --- [main] o.s.d.r.w.RepositoryRestHandlerMapping   : Mapped "{[/{repository}/search/{search}],methods=[OPTIONS],produces=[application/hal+json || application/json]}" onto public org.springframework.http.ResponseEntity<java.lang.Object> org.springframework.data.rest.webmvc.RepositorySearchController.optionsForSearch(org.springframework.data.rest.webmvc.RootResourceInformation,java.lang.String)
2019-03-29 15:52:48.054  INFO 11030 --- [main] o.s.d.r.w.RepositoryRestHandlerMapping   : Mapped "{[/{repository}/search/{search}],methods=[HEAD],produces=[application/hal+json || application/json]}" onto public org.springframework.http.ResponseEntity<java.lang.Object> org.springframework.data.rest.webmvc.RepositorySearchController.headForSearch(org.springframework.data.rest.webmvc.RootResourceInformation,java.lang.String)
2019-03-29 15:52:48.055  INFO 11030 --- [main] o.s.d.r.w.RepositoryRestHandlerMapping   : Mapped "{[/ || ],methods=[GET],produces=[application/hal+json || application/json]}" onto public org.springframework.http.HttpEntity<org.springframework.data.rest.webmvc.RepositoryLinksResource> org.springframework.data.rest.webmvc.RepositoryController.listRepositories()
2019-03-29 15:52:48.055  INFO 11030 --- [main] o.s.d.r.w.RepositoryRestHandlerMapping   : Mapped "{[/ || ],methods=[OPTIONS],produces=[application/hal+json || application/json]}" onto public org.springframework.http.HttpEntity<?> org.springframework.data.rest.webmvc.RepositoryController.optionsForRepositories()
2019-03-29 15:52:48.056  INFO 11030 --- [main] o.s.d.r.w.RepositoryRestHandlerMapping   : Mapped "{[/ || ],methods=[HEAD],produces=[application/hal+json || application/json]}" onto public org.springframework.http.ResponseEntity<?> org.springframework.data.rest.webmvc.RepositoryController.headForRepositories()
2019-03-29 15:52:48.061  INFO 11030 --- [main] o.s.d.r.w.BasePathAwareHandlerMapping    : Mapped "{[/profile],methods=[OPTIONS]}" onto public org.springframework.http.HttpEntity<?> org.springframework.data.rest.webmvc.ProfileController.profileOptions()
2019-03-29 15:52:48.061  INFO 11030 --- [main] o.s.d.r.w.BasePathAwareHandlerMapping    : Mapped "{[/profile],methods=[GET]}" onto org.springframework.http.HttpEntity<org.springframework.hateoas.ResourceSupport> org.springframework.data.rest.webmvc.ProfileController.listAllFormsOfMetadata()
2019-03-29 15:52:48.061  INFO 11030 --- [main] o.s.d.r.w.BasePathAwareHandlerMapping    : Mapped "{[/profile/{repository}],methods=[GET],produces=[application/schema+json]}" onto public org.springframework.http.HttpEntity<org.springframework.data.rest.webmvc.json.JsonSchema> org.springframework.data.rest.webmvc.RepositorySchemaController.schema(org.springframework.data.rest.webmvc.RootResourceInformation)
2019-03-29 15:52:48.062  INFO 11030 --- [main] o.s.d.r.w.BasePathAwareHandlerMapping    : Mapped "{[/profile/{repository}],methods=[GET],produces=[application/alps+json || */*]}" onto org.springframework.http.HttpEntity<org.springframework.data.rest.webmvc.RootResourceInformation> org.springframework.data.rest.webmvc.alps.AlpsController.descriptor(org.springframework.data.rest.webmvc.RootResourceInformation)
2019-03-29 15:52:48.062  INFO 11030 --- [main] o.s.d.r.w.BasePathAwareHandlerMapping    : Mapped "{[/profile/{repository}],methods=[OPTIONS],produces=[application/alps+json]}" onto org.springframework.http.HttpEntity<?> org.springframework.data.rest.webmvc.alps.AlpsController.alpsOptions()
2019-03-29 15:52:48.271  INFO 11030 --- [main] o.s.b.w.embedded.tomcat.TomcatWebServer  : Tomcat started on port(s): 8080 (http) with context path ''
2019-03-29 15:52:48.277  INFO 11030 --- [main] .t.r.c.a.c.AddRestaurantCommandHandlerIT : Started AddRestaurantCommandHandlerIT in 5.647 seconds (JVM running for 8.017)
2019-03-29 15:52:48.304  INFO 11030 --- [main] c.b.t.r.c.a.DefaultCommandExecutor       : Command com.beben.tomasz.restaurant.core.api.command.AddRestaurantCommand started.
2019-03-29 15:52:48.420 DEBUG 11030 --- [main] org.hibernate.SQL                        : select restaurant0_.id as id1_0_0_, restaurant0_.description as descript2_0_0_, restaurant0_.name as name3_0_0_, restaurant0_.photoUrl as photoUrl4_0_0_, restaurant0_.city as city5_0_0_, restaurant0_.country as country6_0_0_, restaurant0_.postalCode as postalCo7_0_0_, restaurant0_.street as street8_0_0_ from RestaurantEntity restaurant0_ where restaurant0_.id=?
2019-03-29 15:52:48.469 DEBUG 11030 --- [main] org.hibernate.SQL                        : insert into RestaurantEntity (description, name, photoUrl, city, country, postalCode, street, id) values (?, ?, ?, ?, ?, ?, ?, ?)
2019-03-29 15:52:48.482  INFO 11030 --- [main] c.b.t.r.c.a.DefaultCommandExecutor       : Command com.beben.tomasz.restaurant.core.api.command.AddRestaurantCommand completed in 00:00:00.168.
2019-03-29 15:52:48.539 DEBUG 11030 --- [main] org.hibernate.SQL                        : select restaurant0_.id as id1_0_0_, restaurant0_.description as descript2_0_0_, restaurant0_.name as name3_0_0_, restaurant0_.photoUrl as photoUrl4_0_0_, restaurant0_.city as city5_0_0_, restaurant0_.country as country6_0_0_, restaurant0_.postalCode as postalCo7_0_0_, restaurant0_.street as street8_0_0_ from RestaurantEntity restaurant0_ where restaurant0_.id=?
2019-03-29 15:52:48.569  INFO 11030 --- [main] o.h.h.i.QueryTranslatorFactoryInitiator  : HHH000397: Using ASTQueryTranslatorFactory
2019-03-29 15:52:48.873 DEBUG 11030 --- [main] org.hibernate.SQL                        : delete from RestaurantEntity
2019-03-29 15:52:48.889 DEBUG 11030 --- [main] org.hibernate.SQL                        : insert into RestaurantEntity (description, name, photoUrl, city, country, postalCode, street, id) values (?, ?, ?, ?, ?, ?, ?, ?)
2019-03-29 15:52:48.893  INFO 11030 --- [main] c.b.t.r.c.a.DefaultCommandExecutor       : Command com.beben.tomasz.restaurant.core.api.command.AddTableCommand started.
2019-03-29 15:52:48.916 DEBUG 11030 --- [main] org.hibernate.SQL                        : select restaurant0_.id as id1_0_, restaurant0_.description as descript2_0_, restaurant0_.name as name3_0_, restaurant0_.photoUrl as photoUrl4_0_, restaurant0_.city as city5_0_, restaurant0_.country as country6_0_, restaurant0_.postalCode as postalCo7_0_, restaurant0_.street as street8_0_ from RestaurantEntity restaurant0_ where restaurant0_.id=?
2019-03-29 15:52:48.928 DEBUG 11030 --- [main] org.hibernate.SQL                        : insert into RestaurantTableEntity (capacity, name, position, restaurantReference, id) values (?, ?, ?, ?, ?)
2019-03-29 15:52:48.933  INFO 11030 --- [main] c.b.t.r.c.a.DefaultCommandExecutor       : Command com.beben.tomasz.restaurant.core.api.command.AddTableCommand completed in 00:00:00.039.
2019-03-29 15:52:48.935 DEBUG 11030 --- [main] org.hibernate.SQL                        : select restaurant0_.id as id1_2_0_, restaurant0_.capacity as capacity2_2_0_, restaurant0_.name as name3_2_0_, restaurant0_.position as position4_2_0_, restaurant0_.restaurantReference as restaura5_2_0_ from RestaurantTableEntity restaurant0_ where restaurant0_.id=?
2019-03-29 15:52:48.948 DEBUG 11030 --- [main] org.hibernate.SQL                        : delete from RestaurantTableEntity
2019-03-29 15:52:48.954 DEBUG 11030 --- [main] org.hibernate.SQL                        : delete from RestaurantEntity
2019-03-29 15:52:48.969 DEBUG 11030 --- [main] org.hibernate.SQL                        : insert into RestaurantEntity (description, name, photoUrl, city, country, postalCode, street, id) values (?, ?, ?, ?, ?, ?, ?, ?)
2019-03-29 15:52:48.970 DEBUG 11030 --- [main] org.hibernate.SQL                        : insert into RestaurantTableEntity (capacity, name, position, restaurantReference, id) values (?, ?, ?, ?, ?)
2019-03-29 15:52:48.979 DEBUG 11030 --- [main] org.hibernate.SQL                        : select restaurant0_.id as id1_0_, restaurant0_.description as descript2_0_, restaurant0_.name as name3_0_, restaurant0_.photoUrl as photoUrl4_0_, restaurant0_.city as city5_0_, restaurant0_.country as country6_0_, restaurant0_.postalCode as postalCo7_0_, restaurant0_.street as street8_0_ from RestaurantEntity restaurant0_ where restaurant0_.id=?
2019-03-29 15:52:48.986 DEBUG 11030 --- [main] org.hibernate.SQL                        : select restaurant0_.id as id1_2_, restaurant0_.capacity as capacity2_2_, restaurant0_.name as name3_2_, restaurant0_.position as position4_2_, restaurant0_.restaurantReference as restaura5_2_ from RestaurantTableEntity restaurant0_ where restaurant0_.id=?
2019-03-29 15:52:48.993 DEBUG 11030 --- [main] org.hibernate.SQL                        : delete from RestaurantTableEntity
2019-03-29 15:52:48.997 DEBUG 11030 --- [main] org.hibernate.SQL                        : delete from RestaurantEntity
2019-03-29 15:52:49.557  INFO 11030 --- [http-nio-8080-exec-1] o.a.c.c.C.[Tomcat].[localhost].[/]       : Initializing Spring FrameworkServlet 'dispatcherServlet'
2019-03-29 15:52:49.557  INFO 11030 --- [http-nio-8080-exec-1] o.s.web.servlet.DispatcherServlet        : FrameworkServlet 'dispatcherServlet': initialization started
2019-03-29 15:52:49.578  INFO 11030 --- [http-nio-8080-exec-1] o.s.web.servlet.DispatcherServlet        : FrameworkServlet 'dispatcherServlet': initialization completed in 20 ms
2019-03-29 15:52:49.663  INFO 11030 --- [http-nio-8080-exec-1] c.b.t.r.c.a.DefaultCommandExecutor       : Command com.beben.tomasz.restaurant.core.api.command.AddRestaurantCommand started.
2019-03-29 15:52:49.667 DEBUG 11030 --- [http-nio-8080-exec-1] org.hibernate.SQL                        : select restaurant0_.id as id1_0_0_, restaurant0_.description as descript2_0_0_, restaurant0_.name as name3_0_0_, restaurant0_.photoUrl as photoUrl4_0_0_, restaurant0_.city as city5_0_0_, restaurant0_.country as country6_0_0_, restaurant0_.postalCode as postalCo7_0_0_, restaurant0_.street as street8_0_0_ from RestaurantEntity restaurant0_ where restaurant0_.id=?
2019-03-29 15:52:49.668 DEBUG 11030 --- [http-nio-8080-exec-1] org.hibernate.SQL                        : insert into RestaurantEntity (description, name, photoUrl, city, country, postalCode, street, id) values (?, ?, ?, ?, ?, ?, ?, ?)
2019-03-29 15:52:49.672  INFO 11030 --- [http-nio-8080-exec-1] c.b.t.r.c.a.DefaultCommandExecutor       : Command com.beben.tomasz.restaurant.core.api.command.AddRestaurantCommand completed in 00:00:00.008.
2019-03-29 15:52:49.708 DEBUG 11030 --- [main] org.hibernate.SQL                        : select restaurant0_.id as id1_0_0_, restaurant0_.description as descript2_0_0_, restaurant0_.name as name3_0_0_, restaurant0_.photoUrl as photoUrl4_0_0_, restaurant0_.city as city5_0_0_, restaurant0_.country as country6_0_0_, restaurant0_.postalCode as postalCo7_0_0_, restaurant0_.street as street8_0_0_ from RestaurantEntity restaurant0_ where restaurant0_.id=?
2019-03-29 15:52:49.711 DEBUG 11030 --- [main] org.hibernate.SQL                        : delete from RestaurantEntity
2019-03-29 15:52:49.718 DEBUG 11030 --- [main] org.hibernate.SQL                        : insert into RestaurantEntity (description, name, photoUrl, city, country, postalCode, street, id) values (?, ?, ?, ?, ?, ?, ?, ?)
2019-03-29 15:52:49.757 DEBUG 11030 --- [http-nio-8080-exec-2] org.hibernate.SQL                        : select restaurant0_.id as id1_0_, restaurant0_.description as descript2_0_, restaurant0_.name as name3_0_, restaurant0_.photoUrl as photoUrl4_0_, restaurant0_.city as city5_0_, restaurant0_.country as country6_0_, restaurant0_.postalCode as postalCo7_0_, restaurant0_.street as street8_0_ from RestaurantEntity restaurant0_ limit ?
2019-03-29 15:52:49.801 DEBUG 11030 --- [main] org.hibernate.SQL                        : delete from RestaurantEntity
2019-03-29 15:52:49.808 DEBUG 11030 --- [main] org.hibernate.SQL                        : insert into RestaurantEntity (description, name, photoUrl, city, country, postalCode, street, id) values (?, ?, ?, ?, ?, ?, ?, ?)
2019-03-29 15:52:49.849 DEBUG 11030 --- [http-nio-8080-exec-3] org.hibernate.SQL                        : select restaurant0_.id as id1_0_, restaurant0_.description as descript2_0_, restaurant0_.name as name3_0_, restaurant0_.photoUrl as photoUrl4_0_, restaurant0_.city as city5_0_, restaurant0_.country as country6_0_, restaurant0_.postalCode as postalCo7_0_, restaurant0_.street as street8_0_ from RestaurantEntity restaurant0_ where restaurant0_.name like concat('%', ?, '%')
2019-03-29 15:52:49.860 DEBUG 11030 --- [main] org.hibernate.SQL                        : delete from RestaurantEntity
2019-03-29 15:52:49.866 DEBUG 11030 --- [main] org.hibernate.SQL                        : insert into RestaurantEntity (description, name, photoUrl, city, country, postalCode, street, id) values (?, ?, ?, ?, ?, ?, ?, ?)
2019-03-29 15:52:49.895 DEBUG 11030 --- [http-nio-8080-exec-4] org.hibernate.SQL                        : select restaurant0_.id as id1_0_, restaurant0_.description as descript2_0_, restaurant0_.name as name3_0_, restaurant0_.photoUrl as photoUrl4_0_, restaurant0_.city as city5_0_, restaurant0_.country as country6_0_, restaurant0_.postalCode as postalCo7_0_, restaurant0_.street as street8_0_ from RestaurantEntity restaurant0_ where restaurant0_.id=?
2019-03-29 15:52:49.906 DEBUG 11030 --- [main] org.hibernate.SQL                        : delete from RestaurantEntity
2019-03-29 15:52:49.920 DEBUG 11030 --- [main] org.hibernate.SQL                        : insert into RestaurantEntity (description, name, photoUrl, city, country, postalCode, street, id) values (?, ?, ?, ?, ?, ?, ?, ?)
2019-03-29 15:52:49.961  INFO 11030 --- [http-nio-8080-exec-5] c.b.t.r.c.a.DefaultCommandExecutor       : Command com.beben.tomasz.restaurant.core.api.command.AddTableCommand started.
2019-03-29 15:52:49.962 DEBUG 11030 --- [http-nio-8080-exec-5] org.hibernate.SQL                        : select restaurant0_.id as id1_0_, restaurant0_.description as descript2_0_, restaurant0_.name as name3_0_, restaurant0_.photoUrl as photoUrl4_0_, restaurant0_.city as city5_0_, restaurant0_.country as country6_0_, restaurant0_.postalCode as postalCo7_0_, restaurant0_.street as street8_0_ from RestaurantEntity restaurant0_ where restaurant0_.id=?
2019-03-29 15:52:49.966 DEBUG 11030 --- [http-nio-8080-exec-5] org.hibernate.SQL                        : insert into RestaurantTableEntity (capacity, name, position, restaurantReference, id) values (?, ?, ?, ?, ?)
2019-03-29 15:52:49.969  INFO 11030 --- [http-nio-8080-exec-5] c.b.t.r.c.a.DefaultCommandExecutor       : Command com.beben.tomasz.restaurant.core.api.command.AddTableCommand completed in 00:00:00.007.
2019-03-29 15:52:49.976 DEBUG 11030 --- [main] org.hibernate.SQL                        : select restaurant0_.id as id1_2_0_, restaurant0_.capacity as capacity2_2_0_, restaurant0_.name as name3_2_0_, restaurant0_.position as position4_2_0_, restaurant0_.restaurantReference as restaura5_2_0_ from RestaurantTableEntity restaurant0_ where restaurant0_.id=?
2019-03-29 15:52:49.980 DEBUG 11030 --- [main] org.hibernate.SQL                        : delete from RestaurantTableEntity
2019-03-29 15:52:49.983 DEBUG 11030 --- [main] org.hibernate.SQL                        : delete from RestaurantEntity
2019-03-29 15:52:49.988 DEBUG 11030 --- [main] org.hibernate.SQL                        : insert into RestaurantEntity (description, name, photoUrl, city, country, postalCode, street, id) values (?, ?, ?, ?, ?, ?, ?, ?)
2019-03-29 15:52:49.989 DEBUG 11030 --- [main] org.hibernate.SQL                        : insert into RestaurantTableEntity (capacity, name, position, restaurantReference, id) values (?, ?, ?, ?, ?)
2019-03-29 15:52:50.021 DEBUG 11030 --- [http-nio-8080-exec-6] org.hibernate.SQL                        : select restaurant0_.id as id1_2_, restaurant0_.capacity as capacity2_2_, restaurant0_.name as name3_2_, restaurant0_.position as position4_2_, restaurant0_.restaurantReference as restaura5_2_ from RestaurantTableEntity restaurant0_ where restaurant0_.restaurantReference=? order by restaurant0_.capacity ASC
2019-03-29 15:52:50.031 DEBUG 11030 --- [main] org.hibernate.SQL                        : delete from RestaurantTableEntity
2019-03-29 15:52:50.035 DEBUG 11030 --- [main] org.hibernate.SQL                        : delete from RestaurantEntity
2019-03-29 15:52:50.048 DEBUG 11030 --- [main] org.hibernate.SQL                        : insert into RestaurantEntity (description, name, photoUrl, city, country, postalCode, street, id) values (?, ?, ?, ?, ?, ?, ?, ?)
2019-03-29 15:52:50.053 DEBUG 11030 --- [main] org.hibernate.SQL                        : select restaurant0_.id as id1_0_, restaurant0_.description as descript2_0_, restaurant0_.name as name3_0_, restaurant0_.photoUrl as photoUrl4_0_, restaurant0_.city as city5_0_, restaurant0_.country as country6_0_, restaurant0_.postalCode as postalCo7_0_, restaurant0_.street as street8_0_ from RestaurantEntity restaurant0_ where restaurant0_.name like concat('%', ?, '%')
2019-03-29 15:52:50.059 DEBUG 11030 --- [main] org.hibernate.SQL                        : delete from RestaurantEntity
2019-03-29 15:52:50.073 DEBUG 11030 --- [main] org.hibernate.SQL                        : insert into RestaurantEntity (description, name, photoUrl, city, country, postalCode, street, id) values (?, ?, ?, ?, ?, ?, ?, ?)
2019-03-29 15:52:50.077 DEBUG 11030 --- [main] org.hibernate.SQL                        : select restaurant0_.id as id1_0_, restaurant0_.description as descript2_0_, restaurant0_.name as name3_0_, restaurant0_.photoUrl as photoUrl4_0_, restaurant0_.city as city5_0_, restaurant0_.country as country6_0_, restaurant0_.postalCode as postalCo7_0_, restaurant0_.street as street8_0_ from RestaurantEntity restaurant0_ where restaurant0_.id=?
2019-03-29 15:52:50.081 DEBUG 11030 --- [main] org.hibernate.SQL                        : delete from RestaurantEntity
2019-03-29 15:52:50.096 DEBUG 11030 --- [main] org.hibernate.SQL                        : insert into RestaurantEntity (description, name, photoUrl, city, country, postalCode, street, id) values (?, ?, ?, ?, ?, ?, ?, ?)
2019-03-29 15:52:50.101 DEBUG 11030 --- [main] org.hibernate.SQL                        : select restaurant0_.id as id1_0_, restaurant0_.description as descript2_0_, restaurant0_.name as name3_0_, restaurant0_.photoUrl as photoUrl4_0_, restaurant0_.city as city5_0_, restaurant0_.country as country6_0_, restaurant0_.postalCode as postalCo7_0_, restaurant0_.street as street8_0_ from RestaurantEntity restaurant0_ limit ?
2019-03-29 15:52:50.105 DEBUG 11030 --- [main] org.hibernate.SQL                        : delete from RestaurantEntity
2019-03-29 15:52:50.118 DEBUG 11030 --- [main] org.hibernate.SQL                        : insert into RestaurantEntity (description, name, photoUrl, city, country, postalCode, street, id) values (?, ?, ?, ?, ?, ?, ?, ?)
2019-03-29 15:52:50.120 DEBUG 11030 --- [main] org.hibernate.SQL                        : insert into RestaurantTableEntity (capacity, name, position, restaurantReference, id) values (?, ?, ?, ?, ?)
2019-03-29 15:52:50.124 DEBUG 11030 --- [main] org.hibernate.SQL                        : select restaurant0_.id as id1_2_0_, restaurant0_.capacity as capacity2_2_0_, restaurant0_.name as name3_2_0_, restaurant0_.position as position4_2_0_, restaurant0_.restaurantReference as restaura5_2_0_ from RestaurantTableEntity restaurant0_ where restaurant0_.id=?
2019-03-29 15:52:50.137 DEBUG 11030 --- [main] org.hibernate.SQL                        : insert into RestaurantEntity (description, name, photoUrl, city, country, postalCode, street, id) values (?, ?, ?, ?, ?, ?, ?, ?)
2019-03-29 15:52:50.139 DEBUG 11030 --- [main] org.hibernate.SQL                        : insert into RestaurantTableEntity (capacity, name, position, restaurantReference, id) values (?, ?, ?, ?, ?)
2019-03-29 15:52:50.144 DEBUG 11030 --- [main] org.hibernate.SQL                        : select restaurant0_.id as id1_2_, restaurant0_.capacity as capacity2_2_, restaurant0_.name as name3_2_, restaurant0_.position as position4_2_, restaurant0_.restaurantReference as restaura5_2_ from RestaurantTableEntity restaurant0_ where restaurant0_.restaurantReference=? order by restaurant0_.capacity ASC
2019-03-29 15:52:50.150  INFO 11030 --- [Thread-4] ConfigServletWebServerApplicationContext : Closing org.springframework.boot.web.servlet.context.AnnotationConfigServletWebServerApplicationContext@461ad730: startup date [Fri Mar 29 15:52:42 CET 2019]; root of context hierarchy
2019-03-29 15:52:50.158  INFO 11030 --- [Thread-4] j.LocalContainerEntityManagerFactoryBean : Closing JPA EntityManagerFactory for persistence unit 'default'
2019-03-29 15:52:50.160  INFO 11030 --- [Thread-4] com.zaxxer.hikari.HikariDataSource       : HikariPool-1 - Shutdown initiated...
2019-03-29 15:52:50.169  INFO 11030 --- [Thread-4] com.zaxxer.hikari.HikariDataSource       : HikariPool-1 - Shutdown completed.
